[2m2:05:29 pm[22m [31m[1m[vite][22m[39m [31mInternal server error: C:\Users\hp\esg-app\client\src\pages\SubmissionsPage.jsx: Unexpected keyword 'import'. (10:0)

[0m [90m  8 |[31m [36mimport[31m { validateSubmissionData } [36mfrom[31m [32m'../esgValidation'[31m
 [90m  9 |[31m [36mimport[31m useDashboardData[33m,[31m {
[31m[1m>[22m[31m[90m 10 |[31m [36mimport[31m { [33mButton[31m } [36mfrom[31m [32m'../components/ui'[31m
 [90m    |[31m [31m[1m^[22m[31m
 [90m 11 |[31m   calculateESGScore[33m,[31m
 [90m 12 |[31m   getLatestSubmission[33m,[31m
 [90m 13 |[31m   getPreferredCycle[33m,[31m[0m[39m
  Plugin: [35mvite:react-babel[39m
  File: [36mC:/Users/hp/esg-app/client/src/pages/SubmissionsPage.jsx[39m:10:0
[33m  8  |  import { validateSubmissionData } from '../esgValidation'
  9  |  import useDashboardData, {
  10 |  import { Button } from '../components/ui'
     |           ^
  11 |    calculateESGScore,
  12 |    getLatestSubmission,[39m
      at constructor (C:\Users\hp\esg-app\client\node_modules\@babel\parser\lib\index.js:365:19)
      at JSXParserMixin.raise (C:\Users\hp\esg-app\client\node_modules\@babel\parser\lib\index.js:6599:19)
      at JSXParserMixin.checkReservedWord (C:\Users\hp\esg-app\client\node_modules\@babel\parser\lib\index.js:12224:12)
      at JSXParserMixin.parseImportSpecifier (C:\Users\hp\esg-app\client\node_modules\@babel\parser\lib\index.js:14414:12)
      at JSXParserMixin.parseNamedImportSpecifiers (C:\Users\hp\esg-app\client\node_modules\@babel\parser\lib\index.js:14398:36)
      at JSXParserMixin.parseImportSpecifiersAndAfter (C:\Users\hp\esg-app\client\node_modules\@babel\parser\lib\index.js:14242:37)
      at JSXParserMixin.parseImport (C:\Users\hp\esg-app\client\node_modules\@babel\parser\lib\index.js:14235:17)
      at JSXParserMixin.parseStatementContent (C:\Users\hp\esg-app\client\node_modules\@babel\parser\lib\index.js:12876:27)
      at JSXParserMixin.parseStatementLike (C:\Users\hp\esg-app\client\node_modules\@babel\parser\lib\index.js:12767:17)
      at JSXParserMixin.parseModuleItem (C:\Users\hp\esg-app\client\node_modules\@babel\parser\lib\index.js:12744:17)
      at JSXParserMixin.parseBlockOrModuleBlockBody (C:\Users\hp\esg-app\client\node_modules\@babel\parser\lib\index.js:13316:36)
      at JSXParserMixin.parseBlockBody (C:\Users\hp\esg-app\client\node_modules\@babel\parser\lib\index.js:13309:10)
      at JSXParserMixin.parseProgram (C:\Users\hp\esg-app\client\node_modules\@babel\parser\lib\index.js:12622:10)
      at JSXParserMixin.parseTopLevel (C:\Users\hp\esg-app\client\node_modules\@babel\parser\lib\index.js:12612:25)
      at JSXParserMixin.parse (C:\Users\hp\esg-app\client\node_modules\@babel\parser\lib\index.js:14488:25)
      at parse (C:\Users\hp\esg-app\client\node_modules\@babel\parser\lib\index.js:14522:38)
      at parser (C:\Users\hp\esg-app\client\node_modules\@babel\core\lib\parser\index.js:41:34)
      at parser.next (<anonymous>)
      at normalizeFile (C:\Users\hp\esg-app\client\node_modules\@babel\core\lib\transformation\normalize-file.js:64:37)
      at normalizeFile.next (<anonymous>)
      at run (C:\Users\hp\esg-app\client\node_modules\@babel\core\lib\transformation\index.js:22:50)
      at run.next (<anonymous>)
      at transform (C:\Users\hp\esg-app\client\node_modules\@babel\core\lib\transform.js:22:33)
      at transform.next (<anonymous>)
      at step (C:\Users\hp\esg-app\client\node_modules\gensync\index.js:261:32)
      at C:\Users\hp\esg-app\client\node_modules\gensync\index.js:273:13
      at async.call.result.err.err (C:\Users\hp\esg-app\client\node_modules\gensync\index.js:223:11)
      at C:\Users\hp\esg-app\client\node_modules\gensync\index.js:189:28
      at C:\Users\hp\esg-app\client\node_modules\@babel\core\lib\gensync-utils\async.js:67:7
      at C:\Users\hp\esg-app\client\node_modules\gensync\index.js:113:33
      at step (C:\Users\hp\esg-app\client\node_modules\gensync\index.js:287:14)
      at C:\Users\hp\esg-app\client\node_modules\gensync\index.js:273:13
      at async.call.result.err.err (C:\Users\hp\esg-app\client\node_modules\gensync\index.js:223:11)
[2m3:57:52 pm[22m [31m[1m[vite][22m[39m [31mInternal server error: C:\Users\hp\esg-app\client\src\pages\ReviewHubPage.jsx: Identifier 'NarrativeSummaryCard' has already been declared. (7:7)

[0m [90m  5 |[31m [36mimport[31m [33mNarrativeSummaryCard[31m [36mfrom[31m [32m'../components/NarrativeSummaryCard'[31m
 [90m  6 |[31m [36mimport[31m [33mNarrativeToolbar[31m [36mfrom[31m [32m'../components/NarrativeToolbar'[31m
[31m[1m>[22m[31m[90m  7 |[31m [36mimport[31m [33mNarrativeSummaryCard[31m [36mfrom[31m [32m'../components/NarrativeSummaryCard'[31m
 [90m    |[31m        [31m[1m^[22m[31m
 [90m  8 |[31m [36mimport[31m [33mSectionCard[31m [36mfrom[31m [32m'../components/SectionCard'[31m
 [90m  9 |[31m [36mimport[31m [33mStatusBadge[31m [36mfrom[31m [32m'../components/StatusBadge'[31m
 [90m 10 |[31m [36mimport[31m { [33mButton[31m[33m,[31m [33mSelectInput[31m[33m,[31m [33mTextInput[31m } [36mfrom[31m [32m'../components/ui'[31m[0m[39m
  Plugin: [35mvite:react-babel[39m
  File: [36mC:/Users/hp/esg-app/client/src/pages/ReviewHubPage.jsx[39m:7:7
[33m  5  |  import NarrativeSummaryCard from '../components/NarrativeSummaryCard'
  6  |  import NarrativeToolbar from '../components/NarrativeToolbar'
  7  |  import NarrativeSummaryCard from '../components/NarrativeSummaryCard'
     |         ^
  8  |  import SectionCard from '../components/SectionCard'
  9  |  import StatusBadge from '../components/StatusBadge'[39m
      at constructor (C:\Users\hp\esg-app\client\node_modules\@babel\parser\lib\index.js:365:19)
      at JSXParserMixin.raise (C:\Users\hp\esg-app\client\node_modules\@babel\parser\lib\index.js:6599:19)
      at ScopeHandler.checkRedeclarationInScope (C:\Users\hp\esg-app\client\node_modules\@babel\parser\lib\index.js:1619:19)
      at ScopeHandler.declareName (C:\Users\hp\esg-app\client\node_modules\@babel\parser\lib\index.js:1585:12)
      at JSXParserMixin.declareNameFromIdentifier (C:\Users\hp\esg-app\client\node_modules\@babel\parser\lib\index.js:7567:16)
      at JSXParserMixin.checkIdentifier (C:\Users\hp\esg-app\client\node_modules\@babel\parser\lib\index.js:7563:12)
      at JSXParserMixin.checkLVal (C:\Users\hp\esg-app\client\node_modules\@babel\parser\lib\index.js:7500:12)
      at JSXParserMixin.finishImportSpecifier (C:\Users\hp\esg-app\client\node_modules\@babel\parser\lib\index.js:14266:10)
      at JSXParserMixin.parseImportSpecifierLocal (C:\Users\hp\esg-app\client\node_modules\@babel\parser\lib\index.js:14263:31)
      at JSXParserMixin.maybeParseDefaultImportSpecifier (C:\Users\hp\esg-app\client\node_modules\@babel\parser\lib\index.js:14366:12)
      at JSXParserMixin.parseImportSpecifiersAndAfter (C:\Users\hp\esg-app\client\node_modules\@babel\parser\lib\index.js:14239:29)
      at JSXParserMixin.parseImport (C:\Users\hp\esg-app\client\node_modules\@babel\parser\lib\index.js:14235:17)
      at JSXParserMixin.parseStatementContent (C:\Users\hp\esg-app\client\node_modules\@babel\parser\lib\index.js:12876:27)
      at JSXParserMixin.parseStatementLike (C:\Users\hp\esg-app\client\node_modules\@babel\parser\lib\index.js:12767:17)
      at JSXParserMixin.parseModuleItem (C:\Users\hp\esg-app\client\node_modules\@babel\parser\lib\index.js:12744:17)
      at JSXParserMixin.parseBlockOrModuleBlockBody (C:\Users\hp\esg-app\client\node_modules\@babel\parser\lib\index.js:13316:36)
      at JSXParserMixin.parseBlockBody (C:\Users\hp\esg-app\client\node_modules\@babel\parser\lib\index.js:13309:10)
      at JSXParserMixin.parseProgram (C:\Users\hp\esg-app\client\node_modules\@babel\parser\lib\index.js:12622:10)
      at JSXParserMixin.parseTopLevel (C:\Users\hp\esg-app\client\node_modules\@babel\parser\lib\index.js:12612:25)
      at JSXParserMixin.parse (C:\Users\hp\esg-app\client\node_modules\@babel\parser\lib\index.js:14488:25)
      at parse (C:\Users\hp\esg-app\client\node_modules\@babel\parser\lib\index.js:14522:38)
      at parser (C:\Users\hp\esg-app\client\node_modules\@babel\core\lib\parser\index.js:41:34)
      at parser.next (<anonymous>)
      at normalizeFile (C:\Users\hp\esg-app\client\node_modules\@babel\core\lib\transformation\normalize-file.js:64:37)
      at normalizeFile.next (<anonymous>)
      at run (C:\Users\hp\esg-app\client\node_modules\@babel\core\lib\transformation\index.js:22:50)
      at run.next (<anonymous>)
      at transform (C:\Users\hp\esg-app\client\node_modules\@babel\core\lib\transform.js:22:33)
      at transform.next (<anonymous>)
      at step (C:\Users\hp\esg-app\client\node_modules\gensync\index.js:261:32)
      at C:\Users\hp\esg-app\client\node_modules\gensync\index.js:273:13
      at async.call.result.err.err (C:\Users\hp\esg-app\client\node_modules\gensync\index.js:223:11)
      at C:\Users\hp\esg-app\client\node_modules\gensync\index.js:189:28
      at C:\Users\hp\esg-app\client\node_modules\@babel\core\lib\gensync-utils\async.js:67:7
      at C:\Users\hp\esg-app\client\node_modules\gensync\index.js:113:33
      at step (C:\Users\hp\esg-app\client\node_modules\gensync\index.js:287:14)
      at C:\Users\hp\esg-app\client\node_modules\gensync\index.js:273:13
      at async.call.result.err.err (C:\Users\hp\esg-app\client\node_modules\gensync\index.js:223:11)
